<?xml version="1.0" encoding="UTF-8"?>
<!-- Generated by org.testng.reporters.JUnitReportReporter -->
<testsuite skipped="0" hostname="Dianas-MacBook-Pro-2.local" name="com.w2a.testcases.OpenAccountTest" tests="1" failures="0" timestamp="27 Oct 2020 16:28:51 GMT" time="2.850" errors="0">
  <testcase name="openAccountTest" time="2.850" classname="com.w2a.testcases.OpenAccountTest"/>
</testsuite> <!-- com.w2a.testcases.OpenAccountTest -->
