<?xml version="1.0" encoding="UTF-8"?>
<!-- Generated by org.testng.reporters.JUnitReportReporter -->
<testsuite skipped="0" hostname="Dianas-MacBook-Pro-2.local" name="com.w2a.testcases.BankManagerLoginTest" tests="1" failures="0" timestamp="27 Oct 2020 16:28:51 GMT" time="3.862" errors="0">
  <testcase name="bankManagerLoginTest" time="3.862" classname="com.w2a.testcases.BankManagerLoginTest"/>
</testsuite> <!-- com.w2a.testcases.BankManagerLoginTest -->
