<?xml version="1.0" encoding="UTF-8"?>
<!-- Generated by org.testng.reporters.JUnitReportReporter -->
<testsuite skipped="0" hostname="Dianas-MacBook-Pro-2.local" name="com.w2a.testcases.OpenAccountTest" tests="1" failures="0" timestamp="29 Oct 2020 00:19:00 GMT" time="2.881" errors="0">
  <testcase name="openAccountTest" time="2.881" classname="com.w2a.testcases.OpenAccountTest"/>
</testsuite> <!-- com.w2a.testcases.OpenAccountTest -->
